Log file open, 11/11/18 04:02:13
LogWindows: Failed to load 'aqProf.dll' (GetLastError=126)
LogWindows: File 'aqProf.dll' does not exist
LogWindows: Failed to load 'VSPerf140.dll' (GetLastError=126)
LogWindows: File 'VSPerf140.dll' does not exist
LogWindows: Failed to load 'VtuneApi.dll' (GetLastError=126)
LogWindows: File 'VtuneApi.dll' does not exist
LogWindows: Failed to load 'VtuneApi32e.dll' (GetLastError=126)
LogWindows: File 'VtuneApi32e.dll' does not exist
LogInit: Display: Running engine for game: TheNegatyw
LogPlatformFile: Not using cached read wrapper
LogTaskGraph: Started task graph with 5 named threads and 23 total threads with 3 sets of task threads.
LogStats: Stats thread started at 0.364848
LogD3D11RHI: Loaded GFSDK_Aftermath_Lib.x64.dll
LogICUInternationalization: Display: ICU TimeZone Detection - Raw Offset: +1:00, Platform Override: ''
LogPluginManager: Mounting plugin Paper2D
LogPluginManager: Mounting plugin AISupport
LogPluginManager: Mounting plugin LightPropagationVolume
LogPluginManager: Mounting plugin CLionSourceCodeAccess
LogPluginManager: Mounting plugin CodeLiteSourceCodeAccess
LogPluginManager: Mounting plugin GitSourceControl
LogPluginManager: Mounting plugin KDevelopSourceCodeAccess
LogPluginManager: Mounting plugin NullSourceCodeAccess
LogPluginManager: Mounting plugin PerforceSourceControl
LogPluginManager: Mounting plugin SubversionSourceControl
LogPluginManager: Mounting plugin UObjectPlugin
LogPluginManager: Mounting plugin VisualStudioCodeSourceCodeAccess
LogPluginManager: Mounting plugin VisualStudioSourceCodeAccess
LogPluginManager: Mounting plugin XCodeSourceCodeAccess
LogPluginManager: Mounting plugin AssetManagerEditor
LogPluginManager: Mounting plugin CryptoKeys
LogPluginManager: Mounting plugin DataValidation
LogPluginManager: Mounting plugin FacialAnimation
LogPluginManager: Mounting plugin GameplayTagsEditor
LogPluginManager: Mounting plugin MacGraphicsSwitching
LogPluginManager: Mounting plugin MeshEditor
LogPluginManager: Mounting plugin MobileLauncherProfileWizard
LogPluginManager: Mounting plugin PluginBrowser
LogPluginManager: Mounting plugin SpeedTreeImporter
LogPluginManager: Mounting plugin DatasmithContent
LogPluginManager: Mounting plugin AlembicImporter
LogPluginManager: Mounting plugin AppleImageUtils
LogPluginManager: Mounting plugin AppleVision
LogPluginManager: Mounting plugin BackChannel
LogPluginManager: Mounting plugin CharacterAI
LogPluginManager: Mounting plugin GeometryCache
LogPluginManager: Mounting plugin HTML5Networking
LogPluginManager: Mounting plugin ProxyLODPlugin
LogPluginManager: Mounting plugin MagicLeap
LogPluginManager: Mounting plugin MagicLeapEmulator
LogPluginManager: Mounting plugin MagicLeapMedia
LogPluginManager: Mounting plugin AndroidMedia
LogPluginManager: Mounting plugin AvfMedia
LogPluginManager: Mounting plugin ImgMedia
LogPluginManager: Mounting plugin LinearTimecode
LogPluginManager: Mounting plugin MediaCompositing
LogPluginManager: Mounting plugin MediaPlayerEditor
LogPluginManager: Mounting plugin WmfMedia
LogPluginManager: Mounting plugin TcpMessaging
LogPluginManager: Mounting plugin UdpMessaging
LogPluginManager: Mounting plugin ActorSequence
LogPluginManager: Mounting plugin LevelSequenceEditor
LogPluginManager: Mounting plugin MatineeToLevelSequence
LogPluginManager: Mounting plugin NetcodeUnitTest
LogPluginManager: Mounting plugin NUTUnrealEngine4
LogPluginManager: Mounting plugin OnlineSubsystemGooglePlay
LogPluginManager: Mounting plugin OnlineSubsystemIOS
LogPluginManager: Mounting plugin OnlineSubsystem
LogPluginManager: Mounting plugin OnlineSubsystemNull
LogPluginManager: Mounting plugin OnlineSubsystemUtils
LogPluginManager: Mounting plugin LauncherChunkInstaller
LogPluginManager: Mounting plugin AndroidDeviceProfileSelector
LogPluginManager: Mounting plugin AndroidMoviePlayer
LogPluginManager: Mounting plugin AndroidPermission
LogPluginManager: Mounting plugin AppleMoviePlayer
LogPluginManager: Mounting plugin ArchVisCharacter
LogPluginManager: Mounting plugin AudioCapture
LogPluginManager: Mounting plugin CableComponent
LogPluginManager: Mounting plugin CustomMeshComponent
LogPluginManager: Mounting plugin EditableMesh
LogPluginManager: Mounting plugin ExampleDeviceProfileSelector
LogPluginManager: Mounting plugin GoogleCloudMessaging
LogPluginManager: Mounting plugin ImmediatePhysics
LogPluginManager: Mounting plugin IOSDeviceProfileSelector
LogPluginManager: Mounting plugin LinuxDeviceProfileSelector
LogPluginManager: Mounting plugin LocationServicesBPLibrary
LogPluginManager: Mounting plugin MobilePatchingUtils
LogPluginManager: Mounting plugin OculusVR
LogPluginManager: Plugin shader directory ../../../Engine/Plugins/Runtime/Oculus/OculusVR/Shaders found
LogPluginManager: Mapping shader source directory ../../../Engine/Plugins/Runtime/Oculus/OculusVR/Shaders to virtual directory /Plugin/OculusVR
LogPluginManager: Mounting plugin PhysXVehicles
LogPluginManager: Mounting plugin ProceduralMeshComponent
LogPluginManager: Mounting plugin RuntimePhysXCooking
LogPluginManager: Mounting plugin SteamVR
LogPluginManager: Mounting plugin WindowsMoviePlayer
LogStreaming: Display: Took  0.266s to configure plugins.
LogInit: Using libcurl 7.55.1-DEV
LogInit:  - built for x86_64-pc-win32
LogInit:  - supports SSL with OpenSSL/1.0.2h
LogInit:  - supports HTTP deflate (compression) using libz 1.2.8
LogInit:  - other features:
LogInit:      CURL_VERSION_SSL
LogInit:      CURL_VERSION_LIBZ
LogInit:      CURL_VERSION_IPV6
LogInit:      CURL_VERSION_ASYNCHDNS
LogInit:      CURL_VERSION_LARGEFILE
LogInit:      CURL_VERSION_IDN
LogInit:  CurlRequestOptions (configurable via config and command line):
LogInit:  - bVerifyPeer = false  - Libcurl will NOT verify peer certificate
LogInit:  - bUseHttpProxy = false  - Libcurl will NOT use HTTP proxy
LogInit:  - bDontReuseConnections = false  - Libcurl will reuse connections
LogInit:  - CertBundlePath = nullptr  - Libcurl will use whatever was configured at build time.
LogInit:  - MaxHostConnections = 16  - Libcurl will limit the number of connections to a host
LogInit:  - LocalHostAddr = Default
LogInit:  - BufferSize = 65536
LogInit: WinSock: version 1.1 (2.2), MaxSocks=32767, MaxUdp=65467
LogInit: Build: ++UE4+Release-4.20-CL-4369336
LogInit: Engine Version: 4.20.3-4369336+++UE4+Release-4.20
LogInit: Compatible Engine Version: 4.20.0-4212847+++UE4+Release-4.20
LogInit: Net CL: 4212847
LogInit: OS: Windows 10 (), CPU: Intel(R) Core(TM) i7-4790K CPU @ 4.00GHz, GPU: NVIDIA GeForce GTX 960
LogInit: Compiled (64-bit): Sep 17 2018 12:26:19
LogInit: Compiled with Visual C++: 19.13.26129.00
LogInit: Build Configuration: Development
LogInit: Branch Name: ++UE4+Release-4.20
LogInit: Command Line: 
LogInit: Base Directory: C:/Program Files/Epic Games/UE_4.20/Engine/Binaries/Win64/
LogInit: Installed Engine Build: 1
LogDevObjectVersion: Number of dev versions registered: 20
LogDevObjectVersion:   Dev-Blueprints (B0D832E4-1F89-4F0D-ACCF-7EB736FD4AA2): 10
LogDevObjectVersion:   Dev-Build (E1C64328-A22C-4D53-A36C-8E866417BD8C): 0
LogDevObjectVersion:   Dev-Core (375EC13C-06E4-48FB-B500-84F0262A717E): 2
LogDevObjectVersion:   Dev-Editor (E4B068ED-F494-42E9-A231-DA0B2E46BB41): 24
LogDevObjectVersion:   Dev-Framework (CFFC743F-43B0-4480-9391-14DF171D2073): 34
LogDevObjectVersion:   Dev-Mobile (B02B49B5-BB20-44E9-A304-32B752E40360): 2
LogDevObjectVersion:   Dev-Networking (A4E4105C-59A1-49B5-A7C5-40C4547EDFEE): 0
LogDevObjectVersion:   Dev-Online (39C831C9-5AE6-47DC-9A44-9C173E1C8E7C): 0
LogDevObjectVersion:   Dev-Physics (78F01B33-EBEA-4F98-B9B4-84EACCB95AA2): 0
LogDevObjectVersion:   Dev-Platform (6631380F-2D4D-43E0-8009-CF276956A95A): 0
LogDevObjectVersion:   Dev-Rendering (12F88B9F-8875-4AFC-A67C-D90C383ABD29): 26
LogDevObjectVersion:   Dev-Sequencer (7B5AE74C-D270-4C10-A958-57980B212A5A): 9
LogDevObjectVersion:   Dev-VR (D7296918-1DD6-4BDD-9DE2-64A83CC13884): 2
LogDevObjectVersion:   Dev-LoadTimes (C2A15278-BFE7-4AFE-6C17-90FF531DF755): 1
LogDevObjectVersion:   Private-Geometry (6EACA3D4-40EC-4CC1-B786-8BED09428FC5): 3
LogDevObjectVersion:   Dev-AnimPhys (29E575DD-E0A3-4627-9D10-D276232CDCEA): 17
LogDevObjectVersion:   Dev-ReflectionCapture (6B266CEC-1EC7-4B8F-A30B-E4D90942FC07): 1
LogDevObjectVersion:   Dev-Automation (0DF73D61-A23F-47EA-B727-89E90C41499A): 1
LogDevObjectVersion:   FortniteMain (601D1886-AC64-4F84-AA16-D3DE0DEAC7D6): 12
LogDevObjectVersion:   Dev-Enterprise (9DFFBCD6-494F-0158-E221-12823C92A888): 1
LogStreaming: Display: Took  0.002s to delete old logs.
LogInit: Presizing for max 8388607 objects, including 0 objects not considered by GC, pre-allocating 0 bytes for permanent pool.
LogInit: Object subsystem initialized
[2018.11.11-03.02.14:583][  0]LogInit: Selected Device Profile: [Windows]
[2018.11.11-03.02.14:583][  0]LogInit: Applying CVar settings loaded from the selected device profile: [Windows]
[2018.11.11-03.02.14:601][  0]LogHAL: Display: Platform has ~ 16 GB [17119600640 / 17179869184 / 16], which maps to Larger [LargestMinGB=32, LargerMinGB=12, DefaultMinGB=8, SmallerMinGB=6, SmallestMinGB=0)
[2018.11.11-03.02.14:601][  0]LogInit: Setting Device Profile CVar: [[r.Vulkan.UseRealUBs:1]]
[2018.11.11-03.02.14:601][  0]LogInit: Going up to parent DeviceProfile []
[2018.11.11-03.02.14:602][  0]LogInit: Computer: DESKTOP-822VDRC
[2018.11.11-03.02.14:602][  0]LogInit: User: Trojan
[2018.11.11-03.02.14:602][  0]LogInit: CPU Page size=4096, Cores=4
[2018.11.11-03.02.14:602][  0]LogInit: High frequency timer resolution =3.903990 MHz
[2018.11.11-03.02.14:603][  0]LogMemory: Memory total: Physical=15.9GB (16GB approx)
[2018.11.11-03.02.14:603][  0]LogMemory: Platform Memory Stats for Windows
[2018.11.11-03.02.14:604][  0]LogMemory: Process Physical Memory: 99.74 MB used, 99.74 MB peak
[2018.11.11-03.02.14:604][  0]LogMemory: Process Virtual Memory: 90.85 MB used, 90.85 MB peak
[2018.11.11-03.02.14:604][  0]LogMemory: Physical Memory: 3594.52 MB used,  12732.01 MB free, 16326.52 MB total
[2018.11.11-03.02.14:604][  0]LogMemory: Virtual Memory: 4625.75 MB used,  12732.01 MB free, 134217728.00 MB total
[2018.11.11-03.02.14:652][  0]LogInit: Using OS detected language (pl-PL).
[2018.11.11-03.02.14:652][  0]LogInit: Using OS detected locale (pl-PL).
[2018.11.11-03.02.14:655][  0]LogTextLocalizationManager: No specific localization for 'pl-PL' exists, so the 'pl' localization will be used.
[2018.11.11-03.02.14:659][  0]LogStreaming: Display: Took  0.008s to InitEngineTextLocalization.
[2018.11.11-03.02.14:659][  0]LogInit: Setting process to per monitor DPI aware
[2018.11.11-03.02.14:726][  0]LogSlate: New Slate User Created.  User Index 0, Is Virtual User: 0
[2018.11.11-03.02.14:726][  0]LogSlate: Slate User Registered.  User Index 0, Is Virtual User: 0
[2018.11.11-03.02.15:150][  0]LogHMD: Failed to initialize OpenVR with code 110
[2018.11.11-03.02.15:150][  0]LogD3D11RHI: D3D11 adapters:
[2018.11.11-03.02.15:234][  0]LogD3D11RHI:    0. 'NVIDIA GeForce GTX 960' (Feature Level 11_0)
[2018.11.11-03.02.15:234][  0]LogD3D11RHI:       4053/0/8163 MB DedicatedVideo/DedicatedSystem/SharedSystem, Outputs:1, VendorId:0x10de
[2018.11.11-03.02.15:239][  0]LogD3D11RHI:    1. 'Microsoft Basic Render Driver' (Feature Level 11_0)
[2018.11.11-03.02.15:239][  0]LogD3D11RHI:       0/0/8163 MB DedicatedVideo/DedicatedSystem/SharedSystem, Outputs:0, VendorId:0x1414
[2018.11.11-03.02.15:239][  0]LogD3D11RHI: Chosen D3D11 Adapter: 0
[2018.11.11-03.02.15:249][  0]LogD3D11RHI: Creating new Direct3DDevice
[2018.11.11-03.02.15:249][  0]LogD3D11RHI:     GPU DeviceId: 0x1401 (for the marketing name, search the web for "GPU Device Id")
[2018.11.11-03.02.15:249][  0]LogWindows: EnumDisplayDevices:
[2018.11.11-03.02.15:249][  0]LogWindows:    0. 'NVIDIA GeForce GTX 960' (P:1 D:1)
[2018.11.11-03.02.15:250][  0]LogWindows:    1. 'NVIDIA GeForce GTX 960' (P:0 D:0)
[2018.11.11-03.02.15:250][  0]LogWindows:    2. 'NVIDIA GeForce GTX 960' (P:0 D:0)
[2018.11.11-03.02.15:251][  0]LogWindows:    3. 'NVIDIA GeForce GTX 960' (P:0 D:0)
[2018.11.11-03.02.15:251][  0]LogWindows: DebugString: FoundDriverCount:4 
[2018.11.11-03.02.15:251][  0]LogD3D11RHI:     Adapter Name: NVIDIA GeForce GTX 960
[2018.11.11-03.02.15:251][  0]LogD3D11RHI:   Driver Version: 416.34 (internal:25.21.14.1634, unified:416.34)
[2018.11.11-03.02.15:251][  0]LogD3D11RHI:      Driver Date: 10-10-2018
[2018.11.11-03.02.15:251][  0]LogRHI: Texture pool is 2837 MB (70% of 4053 MB)
[2018.11.11-03.02.15:313][  0]LogD3D11RHI: Async texture creation enabled
[2018.11.11-03.02.15:339][  0]LogD3D11RHI: GPU Timing Frequency: 1000.000000 (Debug: 2 2)
[2018.11.11-03.02.15:390][  0]LogShaderCompilers: Guid format shader working directory is -32 characters bigger than the processId version (../../../../../../Users/Trojan/Documents/GameJam/The negatyw project/TheNegatyw/Intermediate/Shaders/WorkingDirectory/9976/).
[2018.11.11-03.02.15:390][  0]LogShaderCompilers: Cleaned the shader compiler working directory 'C:/Users/Trojan/AppData/Local/Temp/UnrealShaderWorkingDir/51B94F4F400CE0948C8AA0B8D5205672/'.
[2018.11.11-03.02.15:797][  0]LogTemp: Display: Loaded TP AllDesktopTargetPlatform
[2018.11.11-03.02.15:818][  0]LogTemp: Display: Loaded TP MacClientTargetPlatform
[2018.11.11-03.02.15:839][  0]LogTemp: Display: Loaded TP MacNoEditorTargetPlatform
[2018.11.11-03.02.15:860][  0]LogTemp: Display: Loaded TP MacServerTargetPlatform
[2018.11.11-03.02.15:879][  0]LogTemp: Display: Loaded TP MacTargetPlatform
[2018.11.11-03.02.15:898][  0]LogTemp: Display: Loaded TP WindowsClientTargetPlatform
[2018.11.11-03.02.15:917][  0]LogTemp: Display: Loaded TP WindowsNoEditorTargetPlatform
[2018.11.11-03.02.15:945][  0]LogTemp: Display: Loaded TP WindowsServerTargetPlatform
[2018.11.11-03.02.15:959][  0]LogTemp: Display: Loaded TP WindowsTargetPlatform
[2018.11.11-03.02.16:113][  0]LogTemp: Display: Loaded TP AndroidTargetPlatform
[2018.11.11-03.02.16:113][  0]LogTemp: Display: Loaded TP AndroidTargetPlatform
[2018.11.11-03.02.16:113][  0]LogTemp: Display: Loaded TP AndroidTargetPlatform
[2018.11.11-03.02.16:113][  0]LogTemp: Display: Loaded TP AndroidTargetPlatform
[2018.11.11-03.02.16:113][  0]LogTemp: Display: Loaded TP AndroidTargetPlatform
[2018.11.11-03.02.16:113][  0]LogTemp: Display: Loaded TP AndroidTargetPlatform
[2018.11.11-03.02.16:113][  0]LogTemp: Display: Loaded TP AndroidTargetPlatform
[2018.11.11-03.02.16:113][  0]LogTemp: Display: Loaded TP AndroidTargetPlatform
[2018.11.11-03.02.16:113][  0]LogTemp: Display: Loaded TP AndroidTargetPlatform
[2018.11.11-03.02.16:113][  0]LogTemp: Display: Loaded TP AndroidTargetPlatform
[2018.11.11-03.02.16:113][  0]LogTemp: Display: Loaded TP AndroidTargetPlatform
[2018.11.11-03.02.16:113][  0]LogTemp: Display: Loaded TP AndroidTargetPlatform
[2018.11.11-03.02.16:113][  0]LogTemp: Display: Loaded TP AndroidTargetPlatform
[2018.11.11-03.02.16:113][  0]LogTemp: Display: Loaded TP AndroidTargetPlatform
[2018.11.11-03.02.16:113][  0]LogTemp: Display: Loaded TP AndroidTargetPlatform
[2018.11.11-03.02.16:113][  0]LogTemp: Display: Loaded TP AndroidTargetPlatform
[2018.11.11-03.02.16:113][  0]LogTemp: Display: Loaded TP AndroidTargetPlatform
[2018.11.11-03.02.16:113][  0]LogTemp: Display: Loaded TP AndroidTargetPlatform
[2018.11.11-03.02.16:116][  0]LogTemp: Display: Loaded TP HTML5TargetPlatform
[2018.11.11-03.02.16:194][  0]LogTemp: Display: Loaded TP IOSTargetPlatform
[2018.11.11-03.02.16:194][  0]LogTemp: Display: Loaded TP IOSTargetPlatform
[2018.11.11-03.02.16:224][  0]LogTemp: Display: Loaded TP TVOSTargetPlatform
[2018.11.11-03.02.16:224][  0]LogTemp: Display: Loaded TP TVOSTargetPlatform
[2018.11.11-03.02.16:240][  0]LogTemp: Display: Loaded TP LinuxClientTargetPlatform
[2018.11.11-03.02.16:257][  0]LogTemp: Display: Loaded TP LinuxNoEditorTargetPlatform
[2018.11.11-03.02.16:274][  0]LogTemp: Display: Loaded TP LinuxServerTargetPlatform
[2018.11.11-03.02.16:293][  0]LogTemp: Display: Loaded TP LinuxTargetPlatform
[2018.11.11-03.02.16:305][  0]LogTemp: Display: Loaded TP LuminTargetPlatform
[2018.11.11-03.02.16:306][  0]LogTargetPlatformManager: Display: Building Assets For Windows
[2018.11.11-03.02.16:426][  0]LogXGEController: Cannot use XGE Controller as Incredibuild is not installed on this machine.
[2018.11.11-03.02.16:426][  0]LogShaderCompilers: Cannot use XGE Shader Compiler as Incredibuild is not installed on this machine.
[2018.11.11-03.02.16:426][  0]LogShaderCompilers: Display: Using Local Shader Compiler.
[2018.11.11-03.02.17:612][  0]LogDerivedDataCache: Display: Max Cache Size: 512 MB
[2018.11.11-03.02.17:727][  0]LogDerivedDataCache: Loaded boot cache 0.11s 73MB C:/Users/Trojan/AppData/Local/UnrealEngine/4.20/DerivedDataCache/Boot.ddc.
[2018.11.11-03.02.17:728][  0]LogDerivedDataCache: Display: Loaded Boot cache: C:/Users/Trojan/AppData/Local/UnrealEngine/4.20/DerivedDataCache/Boot.ddc
[2018.11.11-03.02.17:729][  0]LogDerivedDataCache: FDerivedDataBackendGraph:  Pak pak cache file ../../../../../../Users/Trojan/Documents/GameJam/The negatyw project/TheNegatyw/DerivedDataCache/DDC.ddp not found, will not use a pak cache.
[2018.11.11-03.02.17:729][  0]LogDerivedDataCache: Unable to find inner node Pak for hierarchical cache Hierarchy.
[2018.11.11-03.02.17:729][  0]LogDerivedDataCache: FDerivedDataBackendGraph:  CompressedPak pak cache file ../../../../../../Users/Trojan/Documents/GameJam/The negatyw project/TheNegatyw/DerivedDataCache/Compressed.ddp not found, will not use a pak cache.
[2018.11.11-03.02.17:729][  0]LogDerivedDataCache: Unable to find inner node CompressedPak for hierarchical cache Hierarchy.
[2018.11.11-03.02.17:747][  0]LogDerivedDataCache: Display: Pak cache opened for reading ../../../Engine/DerivedDataCache/Compressed.ddp.
[2018.11.11-03.02.17:760][  0]LogDerivedDataCache: Using Local data cache path C:/Users/Trojan/AppData/Local/UnrealEngine/Common/DerivedDataCache: Writable
[2018.11.11-03.02.17:760][  0]LogDerivedDataCache: Shared data cache path not found in *engine.ini, will not use an Shared cache.
[2018.11.11-03.02.17:760][  0]LogDerivedDataCache: Unable to find inner node Shared for hierarchical cache Hierarchy.
[2018.11.11-03.02.17:797][  0]LogMaterial: Verifying Global Shaders for PCD3D_SM5
[2018.11.11-03.02.17:800][  0]LogSlate: Using FreeType 2.6.0
[2018.11.11-03.02.17:801][  0]LogSlate: SlateFontServices - WITH_FREETYPE: 1, WITH_HARFBUZZ: 1
[2018.11.11-03.02.17:919][  0]LogAssetRegistry: FAssetRegistry took 0.0275 seconds to start up
[2018.11.11-03.02.18:362][  0]LogInit: Selected Device Profile: [Windows]
[2018.11.11-03.02.18:540][  0]LogSimplygon: Simplygon DLL not present - disabling.
[2018.11.11-03.02.18:548][  0]LogMeshReduction: Using SimplygonSwarm for distributed automatic mesh merging
[2018.11.11-03.02.18:548][  0]LogMeshReduction: Using ProxyLODMeshReduction for automatic mesh merging
[2018.11.11-03.02.18:548][  0]LogMeshReduction: Using QuadricMeshReduction for automatic static mesh reduction
[2018.11.11-03.02.18:548][  0]LogMeshReduction: No automatic skeletal mesh reduction module available
[2018.11.11-03.02.18:570][  0]LogNetVersion: TheNegatyw 1.0.0, NetCL: 4212847, EngineNetVer: 5, GameNetVer: 0 (Checksum: 1847545228)
[2018.11.11-03.02.19:291][  0]LogPackageLocalizationCache: Processed 11 localized package path(s) for 2 prioritized culture(s) in 0.153137 seconds
[2018.11.11-03.02.19:297][  0]LogUObjectArray: 38425 objects as part of root set at end of initial load.
[2018.11.11-03.02.19:298][  0]LogUObjectAllocator: 6690864 out of 0 bytes used by permanent object pool.
[2018.11.11-03.02.19:298][  0]LogUObjectArray: CloseDisregardForGC: 0/0 objects in disregard for GC pool
[2018.11.11-03.02.21:093][  0]LogTcpMessaging: Initializing TcpMessaging bridge
[2018.11.11-03.02.21:106][  0]LogUdpMessaging: Initializing bridge on interface 0.0.0.0:0 to multicast group 230.0.0.1:6666.
[2018.11.11-03.02.21:623][  0]SourceControl: Source control is disabled
[2018.11.11-03.02.21:623][  0]SourceControl: Source control is disabled
[2018.11.11-03.02.21:626][  0]SourceControl: Source control is disabled
[2018.11.11-03.02.21:628][  0]SourceControl: Source control is disabled
[2018.11.11-03.02.21:850][  0]LogAndroidPermission: UAndroidPermissionCallbackProxy::GetInstance
[2018.11.11-03.02.22:030][  0]LogOcInput: OculusInput pre-init called
[2018.11.11-03.02.22:108][  0]LogEngine: Initializing Engine...
[2018.11.11-03.02.22:109][  0]LogHMD: Failed to initialize OpenVR with code 110
[2018.11.11-03.02.22:111][  0]LogStats: UGameplayTagsManager::ConstructGameplayTagTree: ImportINI prefixes -  0.000 s
[2018.11.11-03.02.22:111][  0]LogStats: UGameplayTagsManager::ConstructGameplayTagTree: Construct from data asset -  0.000 s
[2018.11.11-03.02.22:112][  0]LogStats: UGameplayTagsManager::ConstructGameplayTagTree: ImportINI -  0.000 s
[2018.11.11-03.02.22:112][  0]LogStats: UGameplayTagsManager::ConstructGameplayTagTree: GameplayTagTreeChangedEvent.Broadcast -  0.000 s
[2018.11.11-03.02.22:387][  0]LogInit: Initializing FReadOnlyCVARCache
[2018.11.11-03.02.22:428][  0]LogAIModule: Creating AISystem for world Untitled
[2018.11.11-03.02.22:516][  0]LogInit: XAudio2 using 'LG ULTRAWIDE (NVIDIA High Definition Audio)' : 2 channels at 48 kHz using 16 bits per sample (channel mask 0x3)
[2018.11.11-03.02.22:572][  0]LogInit: FAudioDevice initialized.
[2018.11.11-03.02.22:572][  0]LogNetVersion: Set ProjectVersion to 1.0.0.0. Version Checksum will be recalculated on next use.
[2018.11.11-03.02.22:695][  0]LogDerivedDataCache: Saved boot cache 0.12s 73MB C:/Users/Trojan/AppData/Local/UnrealEngine/4.20/DerivedDataCache/Boot.ddc.
[2018.11.11-03.02.22:723][  0]LogInit: Texture streaming: Enabled
[2018.11.11-03.02.22:769][  0]LogEngineSessionManager: EngineSessionManager initialized
[2018.11.11-03.02.22:808][  0]LogInit: Transaction tracking system initialized
[2018.11.11-03.02.22:899][  0]BlueprintLog: New page: Editor Load
[2018.11.11-03.02.23:198][  0]LocalizationService: Localization service is disabled
[2018.11.11-03.02.23:647][  0]LogCook: Display: Max memory allowance for cook 16384mb min free memory 0mb
[2018.11.11-03.02.23:647][  0]LogCook: Display: Mobile HDR setting 1
[2018.11.11-03.02.23:647][  0]LogGameplayTags: Display: UGameplayTagsManager::DoneAddingNativeTags. DelegateIsBound: 0
[2018.11.11-03.02.23:647][  0]LogStats: UGameplayTagsManager::ConstructGameplayTagTree: ImportINI prefixes -  0.000 s
[2018.11.11-03.02.23:647][  0]LogStats: UGameplayTagsManager::ConstructGameplayTagTree: Construct from data asset -  0.000 s
[2018.11.11-03.02.23:648][  0]LogStats: UGameplayTagsManager::ConstructGameplayTagTree: ImportINI -  0.000 s
[2018.11.11-03.02.23:648][  0]LogStats: UGameplayTagsManager::ConstructGameplayTagTree: GameplayTagTreeChangedEvent.Broadcast -  0.000 s
[2018.11.11-03.02.23:818][  0]LogFileCache: Scanning file cache for directory 'C:/Users/Trojan/Documents/GameJam/The negatyw project/TheNegatyw/Content/' took 0.04s
[2018.11.11-03.02.23:964][  0]SourceControl: Source control is disabled
[2018.11.11-03.02.23:964][  0]Cmd: MAP LOAD FILE="../../../../../../Users/Trojan/Documents/GameJam/The negatyw project/TheNegatyw/Content/ThirdPersonCPP/Maps/ThirdPersonExampleMap.umap" TEMPLATE=0 SHOWPROGRESS=1 FEATURELEVEL=3
[2018.11.11-03.02.23:966][  0]LightingResults: New page: Lighting Build
[2018.11.11-03.02.23:974][  0]MapCheck: New page: Map Check
[2018.11.11-03.02.23:974][  0]LightingResults: New page: Lighting Build
[2018.11.11-03.02.24:509][  0]LogAIModule: Creating AISystem for world ThirdPersonExampleMap
[2018.11.11-03.02.24:522][  0]LogEditorServer: Finished looking for orphan Actors (0.000 secs)
[2018.11.11-03.02.24:570][  0]Cmd: MAP CHECKDEP NOCLEARLOG
[2018.11.11-03.02.24:799][  0]MapCheck: Map check complete: 0 Error(s), 0 Warning(s), took 228,956ms to complete.
[2018.11.11-03.02.24:799][  0]LogFileHelpers: Loading map 'ThirdPersonExampleMap' took 0.834
[2018.11.11-03.02.24:950][  0]LogSlate: Updating window title bar state: overlay mode, drag disabled, window buttons hidden, title bar hidden
[2018.11.11-03.02.24:965][  0]LogSlate: Updating window title bar state: overlay mode, drag disabled, window buttons hidden, title bar hidden
[2018.11.11-03.02.24:978][  0]LogSlate: Updating window title bar state: overlay mode, drag disabled, window buttons hidden, title bar hidden
[2018.11.11-03.02.24:991][  0]LogSlate: Updating window title bar state: overlay mode, drag disabled, window buttons hidden, title bar hidden
[2018.11.11-03.02.25:015][  0]LogCollectionManager: Loaded 0 collections in 0.006760 seconds
[2018.11.11-03.02.25:079][  0]LogFileCache: Scanning file cache for directory 'C:/Users/Trojan/Documents/GameJam/The negatyw project/TheNegatyw/Saved/Collections/' took 0.01s
[2018.11.11-03.02.25:079][  0]LogFileCache: Scanning file cache for directory 'C:/Users/Trojan/Documents/GameJam/The negatyw project/TheNegatyw/Content/Developers/Trojan/Collections/' took 0.01s
[2018.11.11-03.02.25:079][  0]LogFileCache: Scanning file cache for directory 'C:/Users/Trojan/Documents/GameJam/The negatyw project/TheNegatyw/Content/Collections/' took 0.01s
[2018.11.11-03.02.25:079][  0]LogCollectionManager: Rebuilt the GUID cache for 0 collections in 0.000000 seconds
[2018.11.11-03.02.25:097][  0]LogContentBrowser: Native class hierarchy populated in 0.0162 seconds. Added 2577 classes and 605 folders.
[2018.11.11-03.02.25:122][  0]LogContentBrowser: Native class hierarchy updated for 'WidgetCarousel' in 0.0012 seconds. Added 0 classes and 0 folders.
[2018.11.11-03.02.25:386][  0]LogContentBrowser: Native class hierarchy updated for 'AddContentDialog' in 0.0013 seconds. Added 0 classes and 0 folders.
[2018.11.11-03.02.25:406][  0]LogContentBrowser: Native class hierarchy updated for 'SceneOutliner' in 0.0011 seconds. Added 1 classes and 2 folders.
[2018.11.11-03.02.25:451][  0]LogSlate: Took 0.000400 seconds to synchronously load lazily loaded font '../../../Engine/Content/Slate/Fonts/Roboto-Regular.ttf' (155K)
[2018.11.11-03.02.25:455][  0]LogSlate: Took 0.000381 seconds to synchronously load lazily loaded font '../../../Engine/Content/Slate/Fonts/Roboto-Bold.ttf' (160K)
[2018.11.11-03.02.25:471][  0]LogSlate: Took 0.002105 seconds to synchronously load lazily loaded font '../../../Engine/Content/Editor/Slate/Fonts/FontAwesome.ttf' (139K)
[2018.11.11-03.02.25:686][  0]LogRenderer: Reallocating scene render targets to support 1616x376 Format 10 NumSamples 1 (Frame:1).
[2018.11.11-03.02.25:975][  0]LogContentBrowser: Native class hierarchy updated for 'HierarchicalLODOutliner' in 0.0011 seconds. Added 0 classes and 0 folders.
[2018.11.11-03.02.25:975][  0]LogLoad: (Engine Initialization) Total time: 15.58 seconds
[2018.11.11-03.02.25:975][  0]LogLoad: (Engine Initialization) Total Blueprint compile time: 0.00 seconds
[2018.11.11-03.02.25:987][  0]LogWindowsTextInputMethodSystem: Display: IME system now deactivated.
[2018.11.11-03.02.26:016][  0]LogContentStreaming: Texture pool size now 1000 MB
[2018.11.11-03.02.26:092][  0]LogSlate: Took 0.001334 seconds to synchronously load lazily loaded font '../../../Engine/Content/Slate/Fonts/Roboto-Light.ttf' (167K)
[2018.11.11-03.02.26:450][  3]LogAssetRegistry: Asset discovery search completed in 8.5546 seconds
[2018.11.11-03.02.26:453][  3]LogCollectionManager: Rebuilt the object cache for 0 collections in 0.000000 seconds (found 0 objects)
[2018.11.11-03.02.26:453][  3]LogCollectionManager: Fixed up redirectors for 0 collections in 0.000076 seconds (updated 0 objects)
[2018.11.11-03.02.29:228][258]LogSlate: FSceneViewport::OnFocusLost() reason 0
[2018.11.11-03.03.01:883][904]LogSlate: Took 0.000458 seconds to synchronously load lazily loaded font '../../../Engine/Content/Slate/Fonts/Roboto-Light.ttf' (167K)
[2018.11.11-03.03.01:899][904]LogFactory: FactoryCreateFile: StaticMesh with FbxFactory (0 0 C:\Users\Trojan\Desktop\Modele\#FBX\beczka.FBX)
[2018.11.11-03.03.01:932][904]LogFbx: Loading FBX Scene from C:\Users\Trojan\Desktop\Modele\#FBX\beczka.FBX
[2018.11.11-03.03.01:948][904]LogFbx: FBX Scene Loaded Succesfully
[2018.11.11-03.03.04:685][904]LogSlate: Window 'FBX Import Options' being destroyed
[2018.11.11-03.03.05:194][904]LogLinker: Can't find file '/Game/Meshe/beczka'
[2018.11.11-03.03.05:496][904]LogTexture: Display: Building textures: beczka1 (AutoDXT, 2048X2048)
[2018.11.11-03.03.09:325][904]LogMaterial: Display: Missing cached shader map for material 09_-_Default, compiling. 
[2018.11.11-03.03.09:446][904]LogShaderCompilers: Display: Shaders left to compile 22
[2018.11.11-03.03.09:446][904]LogShaderCompilers: Display: Shaders left to compile 12
[2018.11.11-03.03.09:446][904]LogShaderCompilers: Display: Shaders left to compile 2
[2018.11.11-03.03.09:453][904]LogStaticMesh: Building static mesh beczka...
[2018.11.11-03.03.09:506][904]LogStaticMesh: Built static mesh [0.05s] /Game/Meshe/beczka.beczka
[2018.11.11-03.03.16:102][359]LogActorFactory: Actor Factory created beczka
[2018.11.11-03.03.16:686][397]LogActorFactory: Actor Factory created beczka
[2018.11.11-03.03.42:616][286]LogSlate: FSceneViewport::OnFocusLost() reason 0
[2018.11.11-03.03.45:452][480]Cmd: OBJ SAVEPACKAGE PACKAGE="/Game/Meshe/beczka" FILE="../../../../../../Users/Trojan/Documents/GameJam/The negatyw project/TheNegatyw/Content/Meshe/beczka.uasset" SILENT=true
[2018.11.11-03.03.45:482][480]LogSavePackage: Moving '../../../../../../Users/Trojan/Documents/GameJam/The negatyw project/TheNegatyw/Saved/beczka2A99B197423A109076D57BAF0DF761E4.tmp' to '../../../../../../Users/Trojan/Documents/GameJam/The negatyw project/TheNegatyw/Content/Meshe/beczka.uasset'
[2018.11.11-03.03.53:197][ 44]Cmd: OBJ SAVEPACKAGE PACKAGE="/Game/Meshe/Beczka_M" FILE="../../../../../../Users/Trojan/Documents/GameJam/The negatyw project/TheNegatyw/Content/Meshe/Beczka_M.uasset" SILENT=true
[2018.11.11-03.03.54:551][ 44]LogSavePackage: Moving '../../../../../../Users/Trojan/Documents/GameJam/The negatyw project/TheNegatyw/Saved/Beczka_MB044A502418945D8DEE355B22A15203E.tmp' to '../../../../../../Users/Trojan/Documents/GameJam/The negatyw project/TheNegatyw/Content/Meshe/Beczka_M.uasset'
[2018.11.11-03.03.58:201][276]Cmd: OBJ SAVEPACKAGE PACKAGE="/Game/Meshe/Beczka_T" FILE="../../../../../../Users/Trojan/Documents/GameJam/The negatyw project/TheNegatyw/Content/Meshe/Beczka_T.uasset" SILENT=true
[2018.11.11-03.03.58:509][276]LogSavePackage: Moving '../../../../../../Users/Trojan/Documents/GameJam/The negatyw project/TheNegatyw/Saved/Beczka_TFF04A36F4B7D34452D647C91D9FF3224.tmp' to '../../../../../../Users/Trojan/Documents/GameJam/The negatyw project/TheNegatyw/Content/Meshe/Beczka_T.uasset'
[2018.11.11-03.04.03:158][534]Cmd: OBJ SAVEPACKAGE PACKAGE="/Game/Meshe/Beczka_M" FILE="../../../../../../Users/Trojan/Documents/GameJam/The negatyw project/TheNegatyw/Content/Meshe/Beczka_M.uasset" SILENT=true
[2018.11.11-03.04.03:190][534]LogSavePackage: Moving '../../../../../../Users/Trojan/Documents/GameJam/The negatyw project/TheNegatyw/Saved/Beczka_ME29FD84B40F93504BED7E78DC492AB83.tmp' to '../../../../../../Users/Trojan/Documents/GameJam/The negatyw project/TheNegatyw/Content/Meshe/Beczka_M.uasset'
[2018.11.11-03.04.03:434][534]Cmd: OBJ SAVEPACKAGE PACKAGE="/Game/Meshe/beczka" FILE="../../../../../../Users/Trojan/Documents/GameJam/The negatyw project/TheNegatyw/Content/Meshe/beczka.uasset" SILENT=true
[2018.11.11-03.04.03:459][534]LogSavePackage: Moving '../../../../../../Users/Trojan/Documents/GameJam/The negatyw project/TheNegatyw/Saved/beczka4D02D94646950AC5A61364BB3EB9C6DB.tmp' to '../../../../../../Users/Trojan/Documents/GameJam/The negatyw project/TheNegatyw/Content/Meshe/beczka.uasset'
[2018.11.11-03.04.22:946][524]LogFactory: FactoryCreateFile: StaticMesh with FbxFactory (0 0 C:\Users\Trojan\Desktop\Modele\#FBX\rura_krzyzak.FBX)
[2018.11.11-03.04.22:967][524]LogFbx: Loading FBX Scene from C:\Users\Trojan\Desktop\Modele\#FBX\rura_krzyzak.FBX
[2018.11.11-03.04.22:976][524]LogFbx: FBX Scene Loaded Succesfully
[2018.11.11-03.04.24:550][524]LogSlate: Window 'FBX Import Options' being destroyed
[2018.11.11-03.04.24:594][524]LogStaticMesh: Building static mesh rura_krzyzak...
[2018.11.11-03.04.24:598][524]LogStaticMesh: Built static mesh [0.00s] /Game/Meshe/rura_krzyzak.rura_krzyzak
[2018.11.11-03.04.26:184][632]LogActorFactory: Actor Factory created rura_krzyzak
[2018.11.11-03.04.28:669][809]LogActorFactory: Actor Factory created rura_krzyzak
[2018.11.11-03.04.33:929][191]LogSlate: FSceneViewport::OnFocusLost() reason 0
[2018.11.11-03.04.34:005][194]LogMaterial: Display: Missing cached shader map for material Sloik_M, compiling. 
[2018.11.11-03.04.34:071][194]LogShaderCompilers: Display: Shaders left to compile 31
[2018.11.11-03.04.34:071][194]LogShaderCompilers: Display: Shaders left to compile 21
[2018.11.11-03.04.34:071][194]LogShaderCompilers: Display: Shaders left to compile 11
[2018.11.11-03.04.34:071][194]LogShaderCompilers: Display: Shaders left to compile 1
[2018.11.11-03.05.11:032][  3]LogEditorViewport: Clicking on Actor (LMB): StaticMeshActor (rura_krzyzak)
[2018.11.11-03.05.12:094][ 99]Cmd: DELETE
[2018.11.11-03.05.12:094][ 99]Cmd: ACTOR DELETE
[2018.11.11-03.05.12:099][ 99]LogEditorActor: Deleted Actor: StaticMeshActor
[2018.11.11-03.05.12:125][ 99]LogEditorActor: Deleted 1 Actors (0.031 secs)
[2018.11.11-03.05.13:986][305]LogSlate: FSceneViewport::OnFocusLost() reason 0
[2018.11.11-03.05.16:800][499]LogSlate: Window 'Delete Assets' being destroyed
[2018.11.11-03.05.20:351][878]LogActorFactory: Actor Factory created Regal
[2018.11.11-03.05.21:996][ 46]LogActorFactory: Actor Factory created Regal
[2018.11.11-03.05.29:915][856]LogSlate: FSceneViewport::OnFocusLost() reason 0
[2018.11.11-03.05.30:254][875]LogActorFactory: Actor Factory created Lozko
[2018.11.11-03.05.30:640][910]LogActorFactory: Actor Factory created Lozko
[2018.11.11-03.06.36:388][977]LogSlate: FSceneViewport::OnFocusLost() reason 0
[2018.11.11-03.06.49:751][212]LogSavePackage: Moving '../../../../../../Users/Trojan/Documents/GameJam/The negatyw project/TheNegatyw/Saved/ThirdPersonExampleMap6CCC03E645D23D2691E6CD8129978EC5.tmp' to '../../../../../../Users/Trojan/Documents/GameJam/The negatyw project/TheNegatyw/Content/ThirdPersonCPP/Maps/ThirdPersonExampleMap.umap'
[2018.11.11-03.06.50:076][212]LogSavePackage: Moving '../../../../../../Users/Trojan/Documents/GameJam/The negatyw project/TheNegatyw/Saved/ThirdPersonExampleMap_BuiltData5FC3A2C04CB4A4661B46A9A3683923C9.tmp' to '../../../../../../Users/Trojan/Documents/GameJam/The negatyw project/TheNegatyw/Content/ThirdPersonCPP/Maps/ThirdPersonExampleMap_BuiltData.uasset'
